level sizes
28 28 594 4536 6601 26518 40382 46400 46400 46403 46400 46569 46883 47612 47612 47609 47641 47999 48003 48243 48598 48646 49129 49316 51600 51600 51600 51600 51600 51600 51600 51600 
51 14518 75087 170429 249003 289227 302210 304542 308065 309124 310199 311843 312657 313411 314822 315367 315934 316495 317676 318215 319060 319609 320655 321176 322044 323393 323512 83875 3175 726 108 58 
155 5456 108776 543739 894516 933032 997693 1101323 1221186 1265318 1279396 1289696 1292370 1295499 1296893 1298601 1298402 1298579 1298541 1299389 1300758 1303594 1306274 1311630 1317642 1355730 1182361 616037 44598 111 111 111 

5.54,5.54,5.54,Requested_tolerance,1,estimated_error,0.908906,14,12,10,Total_retrieve_size,10120846,MaxErr,0.133829,MSE,0.00038306,PSNR,54.2984
level sizes
28 28 2647 2660 4889 7297 28475 32011 45313 49817 51600 51600 51600 51600 51600 51600 51600 51600 51600 51600 51600 51600 51600 51600 51600 51600 51600 51600 51600 51600 51600 51600 
38 148 3627 17952 52100 122162 195067 264146 314147 339245 350036 350036 350036 350036 350036 350036 350036 350036 350036 350036 350036 350036 350036 350036 350036 350036 350036 350036 350036 350036 350036 350036 
111 238 9648 26482 162397 379134 645944 1153668 1597164 1971623 2231239 2423637 2542654 2622332 2723372 2723372 2723372 2723372 2723372 2723372 2723372 2723372 2723372 2723372 2723372 2723372 2723372 2723372 2723372 2723372 2723372 2723372 

5.54,5.54,5.54,Requested_tolerance,1,estimated_error,0.887266,17,15,13,Total_retrieve_size,16737116,MaxErr,0.113243,MSE,0.0010397,PSNR,60.9089
level sizes
28 28 4565 4654 6208 22949 32564 49242 51600 51600 51600 51600 51600 51600 51600 51600 51600 51600 51600 51600 51600 51600 51600 51600 51600 51600 51600 51600 51600 51600 51600 51600 
38 104 5594 37139 131713 241877 314507 344795 350036 350036 350036 350036 350036 350036 350036 350036 350036 350036 350036 350036 350036 350036 350036 350036 350036 350036 350036 350036 350036 350036 350036 350036 
111 191 12758 77385 536620 972064 1157727 1488476 1806703 2122348 2346079 2484507 2568608 2621711 2723372 2723372 2723372 2723372 2723372 2723372 2723372 2723372 2723372 2723372 2723372 2723372 2723372 2723372 2723372 2723372 2723372 2723372 

5.54,5.54,5.54,Requested_tolerance,1,estimated_error,0.887266,17,15,13,Total_retrieve_size,19684234,MaxErr,0.117489,MSE,0.00103967,PSNR,60.9004
level sizes
28 28 1309 1725 18044 19180 30903 35621 36251 36663 37016 37210 38071 38198 38694 39318 39565 41388 41445 41315 41393 41592 42659 42616 43032 43366 43854 4616 315 120 33 28 
38 56 6622 58214 124017 183612 222670 238227 243359 244780 246511 248253 249821 251063 252800 254655 255889 257135 259142 260415 262098 263229 264821 266311 267954 269116 271510 272884 109189 9759 1891 603 
141 4211 77272 375110 572668 519170 573388 707804 849703 932207 965720 982704 989975 993809 996536 998801 998334 999086 999919 1000915 1000827 1002852 1005214 1009425 1016242 1023153 1025854 652773 189457 15747 111 111 

5.54,5.54,5.54,Requested_tolerance,1,estimated_error,0.908906,15,14,11,Total_retrieve_size,8263578,MaxErr,0.137817,MSE,0.000298794,PSNR,60.6753
level sizes
38 50 50 179 236 683 839 2523 3153 10753 12035 44346 45842 131298 131906 225003 246707 257838 268340 268340 268340 268340 268340 268340 268340 268340 268340 268340 268340 268340 268340 268340 
86 104 104 146 158 465 678 1618 2702 4369 7111 14075 22870 45089 72397 141073 218144 362878 540112 746614 1080999 1336832 1695925 1820683 1853488 1853488 1853488 1853488 1853488 1853488 1853488 1853488 
475 528 528 735 740 1607 1966 4400 5996 11226 15644 27584 40402 79505 131765 266919 472753 903857 1561721 2541019 4060111 5723532 8493806 10724269 13478080 14426617 14655392 14655392 14655392 14655392 14655392 14655392 

5.54,5.54,5.54,Requested_tolerance,1,estimated_error,0.908906,23,24,22,Total_retrieve_size,26423424,MaxErr,0.111004,MSE,0.000340024,PSNR,135.964
level sizes
38 84 84 660 693 3334 4078 18822 22587 71247 79317 165549 171646 264913 268340 268340 268340 268340 268340 268340 268340 268340 268340 268340 268340 268340 268340 268340 268340 268340 268340 268340 
86 104 104 406 527 2918 4727 16701 32219 87499 171368 339405 555115 793410 1075497 1310610 1594665 1750882 1853550 1853488 1853488 1853488 1853488 1853488 1853488 1853488 1853488 1853488 1853488 1853488 1853488 1853488 
475 679 673 2934 3577 20154 28051 104093 184980 560651 1011080 2139243 3570288 5826739 9748107 13063355 14622508 14655392 14655392 14655392 14655392 14655392 14655392 14655392 14655392 14655392 14655392 14655392 14655392 14655392 14655392 14655392 

5.54,5.54,5.54,Requested_tolerance,1,estimated_error,0.887266,22,21,18,Total_retrieve_size,81789520,MaxErr,0.119984,MSE,0.00109549,PSNR,112.388
level sizes
38 94 94 195 212 532 581 6278 6424 134393 137023 139894 227127 261112 268340 268340 268340 268340 268340 268340 268340 268340 268340 268340 268340 268340 268340 268340 268340 268340 268340 268340 
123 375 629 1327 2047 4434 8690 28287 59483 137842 275661 517002 879865 1261369 1683638 1848662 1853488 1853488 1853488 1853488 1853488 1853488 1853488 1853488 1853488 1853488 1853488 1853488 1853488 1853488 1853488 1853488 
475 655 1235 3906 6158 13596 20483 73865 137969 336716 666877 1264794 2545771 4452140 7463835 10624153 13605410 14646060 14655392 14655392 14655392 14655392 14655392 14655392 14655392 14655392 14655392 14655392 14655392 14655392 14655392 14655392 

5.54,5.54,5.54,Requested_tolerance,1,estimated_error,0.908906,32,29,27,Total_retrieve_size,224311521,MaxErr,0.5,MSE,0.00112846,PSNR,163.064
level sizes
55 296 10451 36116 60582 101227 147924 196238 241212 265989 268340 268340 268340 268340 268340 268340 268340 268340 268340 268340 268340 268340 268340 268340 268340 268340 268340 268340 268340 268340 268340 268340 
160 519 1831 7769 29566 84277 203807 432617 816864 1301457 1701033 1853550 1853488 1853488 1853488 1853488 1853488 1853488 1853488 1853488 1853488 1853488 1853488 1853488 1853488 1853488 1853488 1853488 1853488 1853488 1853488 1853488 
475 561 1589 6489 32299 131471 378393 929531 2065964 4280831 7803509 11599260 14062333 14655392 14655392 14655392 14655392 14655392 14655392 14655392 14655392 14655392 14655392 14655392 14655392 14655392 14655392 14655392 14655392 14655392 14655392 14655392 

5.54,5.54,5.54,Requested_tolerance,1,estimated_error,0.865625,32,32,31,Total_retrieve_size,355556541,MaxErr,4,MSE,0.00241601,PSNR,184.475
level sizes
38 1597 1597 6777 16304 30523 53630 84083 113803 153244 192724 227305 252867 269637 280771 294456 294456 294456 294456 294456 294456 294456 294456 294456 294456 294456 294456 294456 294456 294456 294456 294456 
86 102 16441 80105 230867 450319 693943 977684 1223961 1440435 1622273 1750622 1846437 1906327 1963056 1963056 1963056 1963056 1963056 1963056 1963056 1963056 1963056 1963056 1963056 1963056 1963056 1963056 1963056 1963056 1963056 1963056 
654 5175 305396 1050033 2194928 3683283 5345038 7397145 9150791 10852685 12203784 13254797 14035470 14608164 14955372 15382496 15382496 15382496 15382496 15382496 15382496 15382496 15382496 15382496 15382496 15382496 15382496 15382496 15382496 15382496 15382496 15382496 

5.54,5.54,5.54,Requested_tolerance,1,estimated_error,0.887266,27,22,19,Total_retrieve_size,203735121,MaxErr,0.125,MSE,0.00111149,PSNR,129.5
level sizes
38 198 196 1684 2169 19873 27338 61406 87791 117876 140613 158244 168222 175472 179157 182557 186372 187515 188858 190192 190668 191481 192767 193423 195163 195599 196144 196363 196917 197164 197532 195436 
86 698 1394 17466 49278 131508 274505 427807 599269 752099 879189 984105 1066263 1119467 1155917 1186335 1211569 1226294 1241132 1249882 1258996 1266283 1275409 1282335 1286426 1289731 1294080 1297382 1300745 1302860 1302107 1268652 
499 6540 12628 117916 272318 533101 984873 1432972 2122986 2652990 3384405 3863125 4494083 4872223 5364731 5630621 5977173 6150020 6393537 6514786 6700847 6794808 6948742 7023246 7160466 7222628 7341965 7396896 7481388 7484948 7459951 7315129 

5.54,5.54,5.54,Requested_tolerance,1,estimated_error,0.17472,1,0,0,Total_retrieve_size,38,MaxErr,0.00301153,MSE,2.24852e-09,PSNR,36.0568
level sizes
38 160 160 421 665 5172 7062 23145 41745 65800 91295 112871 129679 141529 148681 153412 157246 162986 167777 173634 178571 184626 189259 192727 196135 201112 202867 205007 207406 209025 211028 212075 
86 348 526 5299 14108 38650 95745 171759 280961 405492 545121 666858 777809 860767 929905 984293 1023064 1059271 1090081 1124237 1152519 1185817 1214400 1244619 1269736 1294212 1318563 1337350 1356326 1368814 1382389 1388377 
499 12684 25731 68129 140090 224569 374928 526853 777331 1016487 1378698 1684482 2134287 2494643 2992573 3370644 3840366 4191689 4599818 4890743 5220009 5433381 5701218 5886404 6104940 6245000 6420052 6531394 6673845 6755383 6856836 6866871 

5.54,5.54,5.54,Requested_tolerance,1,estimated_error,0.976575,2,0,0,Total_retrieve_size,198,MaxErr,0.0148813,MSE,4.18877e-08,PSNR,37.232
level sizes
38 137 137 394 648 5883 6526 27826 37929 60470 83520 102582 116079 125630 130205 133797 135359 139057 141644 144959 147501 151242 154462 158920 163480 167737 172825 178336 181856 185182 190013 191354 
86 324 574 3603 10778 36593 88777 170428 281127 396600 516611 624489 712440 778175 827345 863117 892679 914868 935530 952213 970877 988199 1012295 1033963 1061623 1088076 1118059 1145707 1174075 1194189 1214353 1220757 
499 8250 15632 53983 121834 287662 575238 891715 1356756 1796386 2342297 2816409 3341020 3725840 4164777 4467527 4805096 5003384 5247800 5385186 5568204 5671655 5824201 5904645 6025333 6093642 6211446 6275650 6389260 6437817 6471564 6200671 

5.54,5.54,5.54,Requested_tolerance,1,estimated_error,0.127111,1,0,0,Total_retrieve_size,38,MaxErr,0.0016005,MSE,6.95936e-10,PSNR,35.6594
