Start refactoring
Decompose time: 0.273586s
Interleave time: 0.000986948s
Encoding time: 0.0351166s
Lossless time time: 0.00272922s
Interleave time: 0.00796156s
Encoding time: 0.237436s
Lossless time time: 0.0207246s
Interleave time: 0.0613118s
Encoding time: 1.78198s
Lossless time time: 0.405898s
level sizes
28 28 594 4536 6601 26518 40382 46400 46400 46403 46400 46569 46883 47612 47612 47609 47641 47999 48003 48243 48598 48646 49129 49316 51600 51600 51600 51600 51600 51600 51600 51600 
51 14518 75087 170429 249003 289227 302210 304542 308065 309124 310199 311843 312657 313411 314822 315367 315934 316495 317676 318215 319060 319609 320655 321176 322044 323393 323512 83875 3175 726 108 58 
155 5456 108776 543739 894516 933032 997693 1101323 1221186 1265318 1279396 1289696 1292370 1295499 1296893 1298601 1298402 1298579 1298541 1299389 1300758 1303594 1306274 1311630 1317642 1355730 1182361 616037 44598 111 111 111 

Refactor time: 2.84258s
Write time: 0.0414802s
Refactor time: 2.88931s
number of dimension = 3, number of levels = 3
loading metadata
Start reconstruction
ErrorEstimator is base of MaxErrorEstimator, computing absolute error
Preprocessing time: 9.163e-06s
19.7236 16 8 4 2 1 0.5 0.25 0.125 0.0625 0.03125 0.015625 0.0078125 0.00390625 0.00195312 0.000976562 0.000488281 0.000244141 0.00012207 6.10352e-05 3.05176e-05 1.52588e-05 7.62939e-06 3.8147e-06 1.90735e-06 9.53674e-07 4.76837e-07 2.38419e-07 1.19209e-07 5.96046e-08 2.98023e-08 1.49012e-08 7.45058e-09 3.72529e-09 
28.7473 16 8 4 2 1 0.5 0.25 0.125 0.0625 0.03125 0.015625 0.0078125 0.00390625 0.00195312 0.000976562 0.000488281 0.000244141 0.00012207 6.10352e-05 3.05176e-05 1.52588e-05 7.62939e-06 3.8147e-06 1.90735e-06 9.53674e-07 4.76837e-07 2.38419e-07 1.19209e-07 5.96046e-08 2.98023e-08 1.49012e-08 7.45058e-09 3.72529e-09 
23.6651 16 8 4 2 1 0.5 0.25 0.125 0.0625 0.03125 0.015625 0.0078125 0.00390625 0.00195312 0.000976562 0.000488281 0.000244141 0.00012207 6.10352e-05 3.05176e-05 1.52588e-05 7.62939e-06 3.8147e-06 1.90735e-06 9.53674e-07 4.76837e-07 2.38419e-07 1.19209e-07 5.96046e-08 2.98023e-08 1.49012e-08 7.45058e-09 3.72529e-09 
012002100120101201021021021021021012
Requested tolerance = 1, estimated error = 0.909995
Retrieve 14 (14 more) bitplanes from level 0
Retrieve 12 (12 more) bitplanes from level 1
Retrieve 10 (10 more) bitplanes from level 2
Total retrieve size = 10120846
Interpret and retrieval time: 0.0143021s
Reconstruct Preprocessing time: 0.00779239s
Lossless time: 0.000598855s
Decoding time: 0.00531982s
Reposition time: 0.000541707s
Lossless time: 0.00279849s
Decoding time: 0.0331565s
Reposition time: 0.00449654s
Lossless time: 0.033767s
Decoding time: 0.216383s
Reposition time: 0.0355284s
Recomposing time: 0.271841s
Reconstruct time: 0.627038s
Max value = -2.68868, min value = -12.8407
Max error = 0.133829, pos = 8932280
MSE = 0.00038306, PSNR = 54.2984
Start refactoring
Decompose time: 0.273816s
Interleave time: 0.000986057s
Encoding time: 0.035115s
Lossless time time: 0.00182062s
Interleave time: 0.00798176s
Encoding time: 0.239185s
Lossless time time: 0.0146884s
Interleave time: 0.0614882s
Encoding time: 1.85856s
Lossless time time: 0.127095s
level sizes
28 28 2647 2660 4889 7297 28475 32011 45313 49817 51600 51600 51600 51600 51600 51600 51600 51600 51600 51600 51600 51600 51600 51600 51600 51600 51600 51600 51600 51600 51600 51600 
38 148 3627 17952 52100 122162 195067 264146 314147 339245 350036 350036 350036 350036 350036 350036 350036 350036 350036 350036 350036 350036 350036 350036 350036 350036 350036 350036 350036 350036 350036 350036 
111 238 9648 26482 162397 379134 645944 1153668 1597164 1971623 2231239 2423637 2542654 2622332 2723372 2723372 2723372 2723372 2723372 2723372 2723372 2723372 2723372 2723372 2723372 2723372 2723372 2723372 2723372 2723372 2723372 2723372 

Refactor time: 2.63536s
Write time: 0.0213711s
Refactor time: 2.65746s
number of dimension = 3, number of levels = 3
loading metadata
Start reconstruction
ErrorEstimator is base of MaxErrorEstimator, computing absolute error
Preprocessing time: 9.184e-06s
80.7196 64 32 16 8 4 2 1 0.5 0.25 0.125 0.0625 0.03125 0.015625 0.0078125 0.00390625 0.00195312 0.000976562 0.000488281 0.000244141 0.00012207 6.10352e-05 3.05176e-05 1.52588e-05 7.62939e-06 3.8147e-06 1.90735e-06 9.53674e-07 4.76837e-07 2.38419e-07 1.19209e-07 5.96046e-08 2.98023e-08 1.49012e-08 
200.403 128 64 32 16 8 4 2 1 0.5 0.25 0.125 0.0625 0.03125 0.015625 0.0078125 0.00390625 0.00195312 0.000976562 0.000488281 0.000244141 0.00012207 6.10352e-05 3.05176e-05 1.52588e-05 7.62939e-06 3.8147e-06 1.90735e-06 9.53674e-07 4.76837e-07 2.38419e-07 1.19209e-07 5.96046e-08 2.98023e-08 
200.119 128 64 32 16 8 4 2 1 0.5 0.25 0.125 0.0625 0.03125 0.015625 0.0078125 0.00390625 0.00195312 0.000976562 0.000488281 0.000244141 0.00012207 6.10352e-05 3.05176e-05 1.52588e-05 7.62939e-06 3.8147e-06 1.90735e-06 9.53674e-07 4.76837e-07 2.38419e-07 1.19209e-07 5.96046e-08 2.98023e-08 
012012102010201201021012010210120102102102102
Requested tolerance = 1, estimated error = 0.888328
Retrieve 17 (17 more) bitplanes from level 0
Retrieve 15 (15 more) bitplanes from level 1
Retrieve 13 (13 more) bitplanes from level 2
Total retrieve size = 16737116
Interpret and retrieval time: 0.0371404s
Reconstruct Preprocessing time: 0.00807207s
Lossless time: 0.000785816s
Decoding time: 0.005759s
Reposition time: 0.00054114s
Lossless time: 0.00412455s
Decoding time: 0.0381901s
Reposition time: 0.00450731s
Lossless time: 0.0365224s
Decoding time: 0.283201s
Reposition time: 0.0353872s
Recomposing time: 0.271676s
Reconstruct time: 0.726476s
Max value = -2.1246, min value = -37.926
Max error = 0.113243, pos = 10942908
MSE = 0.0010397, PSNR = 60.9089
Start refactoring
Decompose time: 0.27345s
Interleave time: 0.00099282s
Encoding time: 0.0351182s
Lossless time time: 0.00161383s
Interleave time: 0.00799489s
Encoding time: 0.238987s
Lossless time time: 0.0109831s
Interleave time: 0.0614423s
Encoding time: 1.8582s
Lossless time time: 0.14628s
level sizes
28 28 4565 4654 6208 22949 32564 49242 51600 51600 51600 51600 51600 51600 51600 51600 51600 51600 51600 51600 51600 51600 51600 51600 51600 51600 51600 51600 51600 51600 51600 51600 
38 104 5594 37139 131713 241877 314507 344795 350036 350036 350036 350036 350036 350036 350036 350036 350036 350036 350036 350036 350036 350036 350036 350036 350036 350036 350036 350036 350036 350036 350036 350036 
111 191 12758 77385 536620 972064 1157727 1488476 1806703 2122348 2346079 2484507 2568608 2621711 2723372 2723372 2723372 2723372 2723372 2723372 2723372 2723372 2723372 2723372 2723372 2723372 2723372 2723372 2723372 2723372 2723372 2723372 

Refactor time: 2.64989s
Write time: 0.0223547s
Refactor time: 2.67306s
number of dimension = 3, number of levels = 3
loading metadata
Start reconstruction
ErrorEstimator is base of MaxErrorEstimator, computing absolute error
Preprocessing time: 9.705e-06s
77.9432 64 32 16 8 4 2 1 0.5 0.25 0.125 0.0625 0.03125 0.015625 0.0078125 0.00390625 0.00195312 0.000976562 0.000488281 0.000244141 0.00012207 6.10352e-05 3.05176e-05 1.52588e-05 7.62939e-06 3.8147e-06 1.90735e-06 9.53674e-07 4.76837e-07 2.38419e-07 1.19209e-07 5.96046e-08 2.98023e-08 1.49012e-08 
132.578 128 64 32 16 8 4 2 1 0.5 0.25 0.125 0.0625 0.03125 0.015625 0.0078125 0.00390625 0.00195312 0.000976562 0.000488281 0.000244141 0.00012207 6.10352e-05 3.05176e-05 1.52588e-05 7.62939e-06 3.8147e-06 1.90735e-06 9.53674e-07 4.76837e-07 2.38419e-07 1.19209e-07 5.96046e-08 2.98023e-08 
135.722 128 64 32 16 8 4 2 1 0.5 0.25 0.125 0.0625 0.03125 0.015625 0.0078125 0.00390625 0.00195312 0.000976562 0.000488281 0.000244141 0.00012207 6.10352e-05 3.05176e-05 1.52588e-05 7.62939e-06 3.8147e-06 1.90735e-06 9.53674e-07 4.76837e-07 2.38419e-07 1.19209e-07 5.96046e-08 2.98023e-08 
012012102001201012010210210120102102102102102
Requested tolerance = 1, estimated error = 0.888328
Retrieve 17 (17 more) bitplanes from level 0
Retrieve 15 (15 more) bitplanes from level 1
Retrieve 13 (13 more) bitplanes from level 2
Total retrieve size = 19684234
Interpret and retrieval time: 0.0483615s
Reconstruct Preprocessing time: 0.00805987s
Lossless time: 0.000717607s
Decoding time: 0.00584732s
Reposition time: 0.000544614s
Lossless time: 0.00298808s
Decoding time: 0.0381693s
Reposition time: 0.00451158s
Lossless time: 0.0401749s
Decoding time: 0.28171s
Reposition time: 0.0355526s
Recomposing time: 0.271884s
Reconstruct time: 0.739098s
Max value = -2.13696, min value = -37.9026
Max error = 0.117489, pos = 6002800
MSE = 0.00103967, PSNR = 60.9004
Start refactoring
Decompose time: 0.273024s
Interleave time: 0.000994287s
Encoding time: 0.0352384s
Lossless time time: 0.00315138s
Interleave time: 0.00799264s
Encoding time: 0.235308s
Lossless time time: 0.0216604s
Interleave time: 0.0615922s
Encoding time: 1.76891s
Lossless time time: 0.323196s
level sizes
28 28 1309 1725 18044 19180 30903 35621 36251 36663 37016 37210 38071 38198 38694 39318 39565 41388 41445 41315 41393 41592 42659 42616 43032 43366 43854 4616 315 120 33 28 
38 56 6622 58214 124017 183612 222670 238227 243359 244780 246511 248253 249821 251063 252800 254655 255889 257135 259142 260415 262098 263229 264821 266311 267954 269116 271510 272884 109189 9759 1891 603 
141 4211 77272 375110 572668 519170 573388 707804 849703 932207 965720 982704 989975 993809 996536 998801 998334 999086 999919 1000915 1000827 1002852 1005214 1009425 1016242 1023153 1025854 652773 189457 15747 111 111 

Refactor time: 2.74587s
Write time: 0.010414s
Refactor time: 2.75705s
number of dimension = 3, number of levels = 3
loading metadata
Start reconstruction
ErrorEstimator is base of MaxErrorEstimator, computing absolute error
Preprocessing time: 9.397e-06s
36.4682 32 16 8 4 2 1 0.5 0.25 0.125 0.0625 0.03125 0.015625 0.0078125 0.00390625 0.00195312 0.000976562 0.000488281 0.000244141 0.00012207 6.10352e-05 3.05176e-05 1.52588e-05 7.62939e-06 3.8147e-06 1.90735e-06 9.53674e-07 4.76837e-07 2.38419e-07 1.19209e-07 5.96046e-08 2.98023e-08 1.49012e-08 7.45058e-09 
64.456 64 32 16 8 4 2 1 0.5 0.25 0.125 0.0625 0.03125 0.015625 0.0078125 0.00390625 0.00195312 0.000976562 0.000488281 0.000244141 0.00012207 6.10352e-05 3.05176e-05 1.52588e-05 7.62939e-06 3.8147e-06 1.90735e-06 9.53674e-07 4.76837e-07 2.38419e-07 1.19209e-07 5.96046e-08 2.98023e-08 1.49012e-08 
53.6559 32 16 8 4 2 1 0.5 0.25 0.125 0.0625 0.03125 0.015625 0.0078125 0.00390625 0.00195312 0.000976562 0.000488281 0.000244141 0.00012207 6.10352e-05 3.05176e-05 1.52588e-05 7.62939e-06 3.8147e-06 1.90735e-06 9.53674e-07 4.76837e-07 2.38419e-07 1.19209e-07 5.96046e-08 2.98023e-08 1.49012e-08 7.45058e-09 
0120102101020101201201201201021021021021
Requested tolerance = 1, estimated error = 0.909995
Retrieve 15 (15 more) bitplanes from level 0
Retrieve 14 (14 more) bitplanes from level 1
Retrieve 11 (11 more) bitplanes from level 2
Total retrieve size = 8263578
Interpret and retrieval time: 0.0275003s
Reconstruct Preprocessing time: 0.00761464s
Lossless time: 0.000648239s
Decoding time: 0.00558117s
Reposition time: 0.000536294s
Lossless time: 0.00313979s
Decoding time: 0.0333082s
Reposition time: 0.00450348s
Lossless time: 0.0314799s
Decoding time: 0.210672s
Reposition time: 0.0354444s
Recomposing time: 0.272349s
Reconstruct time: 0.63329s
Max value = -3.07244, min value = -21.7555
Max error = 0.137817, pos = 21004478
MSE = 0.000298794, PSNR = 60.6753
Start refactoring
Decompose time: 1.90097s
Interleave time: 0.00701994s
Encoding time: 0.183952s
Lossless time time: 0.0109592s
Interleave time: 0.0434099s
Encoding time: 1.2667s
Lossless time time: 0.0966615s
Interleave time: 0.328241s
Encoding time: 10.1219s
Lossless time time: 0.72614s
level sizes
38 50 50 179 236 683 839 2523 3153 10753 12035 44346 45842 131298 131906 225003 246707 257838 268340 268340 268340 268340 268340 268340 268340 268340 268340 268340 268340 268340 268340 268340 
86 104 104 146 158 465 678 1618 2702 4369 7111 14075 22870 45089 72397 141073 218144 362878 540112 746614 1080999 1336832 1695925 1820683 1853488 1853488 1853488 1853488 1853488 1853488 1853488 1853488 
475 528 528 735 740 1607 1966 4400 5996 11226 15644 27584 40402 79505 131765 266919 472753 903857 1561721 2541019 4060111 5723532 8493806 10724269 13478080 14426617 14655392 14655392 14655392 14655392 14655392 14655392 

Refactor time: 14.7628s
Write time: 0.0468516s
Refactor time: 14.8111s
number of dimension = 3, number of levels = 3
loading metadata
Start reconstruction
ErrorEstimator is base of MaxErrorEstimator, computing absolute error
Preprocessing time: 9.966e-06s
8613.48 8192 4096 2048 1024 512 256 128 64 32 16 8 4 2 1 0.5 0.25 0.125 0.0625 0.03125 0.015625 0.0078125 0.00390625 0.00195312 0.000976562 0.000488281 0.000244141 0.00012207 6.10352e-05 3.05176e-05 1.52588e-05 7.62939e-06 3.8147e-06 1.90735e-06 
74707.4 65536 32768 16384 8192 4096 2048 1024 512 256 128 64 32 16 8 4 2 1 0.5 0.25 0.125 0.0625 0.03125 0.015625 0.0078125 0.00390625 0.00195312 0.000976562 0.000488281 0.000244141 0.00012207 6.10352e-05 3.05176e-05 1.52588e-05 
75850.2 65536 32768 16384 8192 4096 2048 1024 512 256 128 64 32 16 8 4 2 1 0.5 0.25 0.125 0.0625 0.03125 0.015625 0.0078125 0.00390625 0.00195312 0.000976562 0.000488281 0.000244141 0.00012207 6.10352e-05 3.05176e-05 1.52588e-05 
012110210212021012201021210201210210212010210210210201012001201201021
Requested tolerance = 1, estimated error = 0.909995
Retrieve 23 (23 more) bitplanes from level 0
Retrieve 24 (24 more) bitplanes from level 1
Retrieve 22 (22 more) bitplanes from level 2
Total retrieve size = 26423424
Interpret and retrieval time: 0.00707687s
Reconstruct Preprocessing time: 0.0429296s
Lossless time: 0.00462374s
Decoding time: 0.0356563s
Reposition time: 0.00297569s
Lossless time: 0.0351103s
Decoding time: 0.262186s
Reposition time: 0.0237351s
Lossless time: 0.162568s
Decoding time: 2.49842s
Reposition time: 0.186686s
Recomposing time: 1.92617s
Reconstruct time: 5.18897s
Max value = 115862, min value = 0.057997
Max error = 0.111004, pos = 126063787
MSE = 0.000340024, PSNR = 135.964
Start refactoring
Decompose time: 1.88416s
Interleave time: 0.00697644s
Encoding time: 0.184294s
Lossless time time: 0.0124806s
Interleave time: 0.0427896s
Encoding time: 1.26765s
Lossless time time: 0.0968878s
Interleave time: 0.325284s
Encoding time: 10.1011s
Lossless time time: 0.519791s
level sizes
38 84 84 660 693 3334 4078 18822 22587 71247 79317 165549 171646 264913 268340 268340 268340 268340 268340 268340 268340 268340 268340 268340 268340 268340 268340 268340 268340 268340 268340 268340 
86 104 104 406 527 2918 4727 16701 32219 87499 171368 339405 555115 793410 1075497 1310610 1594665 1750882 1853550 1853488 1853488 1853488 1853488 1853488 1853488 1853488 1853488 1853488 1853488 1853488 1853488 1853488 
475 679 673 2934 3577 20154 28051 104093 184980 560651 1011080 2139243 3570288 5826739 9748107 13063355 14622508 14655392 14655392 14655392 14655392 14655392 14655392 14655392 14655392 14655392 14655392 14655392 14655392 14655392 14655392 14655392 

Refactor time: 14.5176s
Write time: 0.0823597s
Refactor time: 14.6019s
number of dimension = 3, number of levels = 3
loading metadata
Start reconstruction
ErrorEstimator is base of MaxErrorEstimator, computing absolute error
Preprocessing time: 9.986e-06s
2972.89 2048 1024 512 256 128 64 32 16 8 4 2 1 0.5 0.25 0.125 0.0625 0.03125 0.015625 0.0078125 0.00390625 0.00195312 0.000976562 0.000488281 0.000244141 0.00012207 6.10352e-05 3.05176e-05 1.52588e-05 7.62939e-06 3.8147e-06 1.90735e-06 9.53674e-07 4.76837e-07 
9506.42 8192 4096 2048 1024 512 256 128 64 32 16 8 4 2 1 0.5 0.25 0.125 0.0625 0.03125 0.015625 0.0078125 0.00390625 0.00195312 0.000976562 0.000488281 0.000244141 0.00012207 6.10352e-05 3.05176e-05 1.52588e-05 7.62939e-06 3.8147e-06 1.90735e-06 
7588.91 4096 2048 1024 512 256 128 64 32 16 8 4 2 1 0.5 0.25 0.125 0.0625 0.03125 0.015625 0.0078125 0.00390625 0.00195312 0.000976562 0.000488281 0.000244141 0.00012207 6.10352e-05 3.05176e-05 1.52588e-05 7.62939e-06 3.8147e-06 1.90735e-06 9.53674e-07 
0121100212100212100212100212010210210102012010210102102102102
Requested tolerance = 1, estimated error = 0.888328
Retrieve 22 (22 more) bitplanes from level 0
Retrieve 21 (21 more) bitplanes from level 1
Retrieve 18 (18 more) bitplanes from level 2
Total retrieve size = 81789520
Interpret and retrieval time: 0.0195275s
Reconstruct Preprocessing time: 0.0427171s
Lossless time: 0.0037905s
Decoding time: 0.0330733s
Reposition time: 0.00298016s
Lossless time: 0.0324176s
Decoding time: 0.232963s
Reposition time: 0.0236403s
Lossless time: 0.188035s
Decoding time: 2.4909s
Reposition time: 0.187275s
Recomposing time: 1.92602s
Reconstruct time: 5.1844s
Max value = 13778.9, min value = 0
Max error = 0.119984, pos = 130793698
MSE = 0.00109549, PSNR = 112.388
Start refactoring
Decompose time: 1.90607s
Interleave time: 0.00691735s
Encoding time: 0.183917s
Lossless time time: 0.0115288s
Interleave time: 0.0429709s
Encoding time: 1.26639s
Lossless time time: 0.0700432s
Interleave time: 0.325594s
Encoding time: 10.0887s
Lossless time time: 0.567147s
level sizes
38 94 94 195 212 532 581 6278 6424 134393 137023 139894 227127 261112 268340 268340 268340 268340 268340 268340 268340 268340 268340 268340 268340 268340 268340 268340 268340 268340 268340 268340 
123 375 629 1327 2047 4434 8690 28287 59483 137842 275661 517002 879865 1261369 1683638 1848662 1853488 1853488 1853488 1853488 1853488 1853488 1853488 1853488 1853488 1853488 1853488 1853488 1853488 1853488 1853488 1853488 
475 655 1235 3906 6158 13596 20483 73865 137969 336716 666877 1264794 2545771 4452140 7463835 10624153 13605410 14646060 14655392 14655392 14655392 14655392 14655392 14655392 14655392 14655392 14655392 14655392 14655392 14655392 14655392 14655392 

Refactor time: 14.5463s
Write time: 0.0803015s
Refactor time: 14.6285s
number of dimension = 3, number of levels = 3
loading metadata
Start reconstruction
ErrorEstimator is base of MaxErrorEstimator, computing absolute error
Preprocessing time: 9.408e-06s
5.12977e+06 4.1943e+06 2.09715e+06 1.04858e+06 524288 262144 131072 65536 32768 16384 8192 4096 2048 1024 512 256 128 64 32 16 8 4 2 1 0.5 0.25 0.125 0.0625 0.03125 0.015625 0.0078125 0.00390625 0.00195312 0.000976562 
3.86101e+06 2.09715e+06 1.04858e+06 524288 262144 131072 65536 32768 16384 8192 4096 2048 1024 512 256 128 64 32 16 8 4 2 1 0.5 0.25 0.125 0.0625 0.03125 0.015625 0.0078125 0.00390625 0.00195312 0.000976562 0.000488281 
2.18132e+06 2.09715e+06 1.04858e+06 524288 262144 131072 65536 32768 16384 8192 4096 2048 1024 512 256 128 64 32 16 8 4 2 1 0.5 0.25 0.125 0.0625 0.03125 0.015625 0.0078125 0.00390625 0.00195312 0.000976562 0.000488281 
0120010201201021210210212102010210210021001201021012010210210210210210210210210210210212
Requested tolerance = 1, estimated error = 0.909995
Retrieve 32 (32 more) bitplanes from level 0
Retrieve 29 (29 more) bitplanes from level 1
Retrieve 27 (27 more) bitplanes from level 2
Total retrieve size = 224311521
Interpret and retrieval time: 0.0528588s
Reconstruct Preprocessing time: 0.0419623s
Lossless time: 0.00346779s
Decoding time: 0.0438989s
Reposition time: 0.00300482s
Lossless time: 0.0235486s
Decoding time: 0.264362s
Reposition time: 0.0238727s
Lossless time: 0.187272s
Decoding time: 2.79174s
Reposition time: 0.185994s
Recomposing time: 1.93246s
Reconstruct time: 5.55608s
Max value = 4.78258e+06, min value = 2280.98
Max error = 0.5, pos = 52240736
MSE = 0.00112846, PSNR = 163.064
Start refactoring
Decompose time: 1.87278s
Interleave time: 0.00695731s
Encoding time: 0.183811s
Lossless time time: 0.0121279s
Interleave time: 0.0431585s
Encoding time: 1.26624s
Lossless time time: 0.0588305s
Interleave time: 0.325194s
Encoding time: 10.0867s
Lossless time time: 0.452658s
level sizes
55 296 10451 36116 60582 101227 147924 196238 241212 265989 268340 268340 268340 268340 268340 268340 268340 268340 268340 268340 268340 268340 268340 268340 268340 268340 268340 268340 268340 268340 268340 268340 
160 519 1831 7769 29566 84277 203807 432617 816864 1301457 1701033 1853550 1853488 1853488 1853488 1853488 1853488 1853488 1853488 1853488 1853488 1853488 1853488 1853488 1853488 1853488 1853488 1853488 1853488 1853488 1853488 1853488 
475 561 1589 6489 32299 131471 378393 929531 2065964 4280831 7803509 11599260 14062333 14655392 14655392 14655392 14655392 14655392 14655392 14655392 14655392 14655392 14655392 14655392 14655392 14655392 14655392 14655392 14655392 14655392 14655392 14655392 

Refactor time: 14.3849s
Write time: 0.0967334s
Refactor time: 14.4837s
number of dimension = 3, number of levels = 3
loading metadata
Start reconstruction
ErrorEstimator is base of MaxErrorEstimator, computing absolute error
Preprocessing time: 9.326e-06s
5.06649e+07 3.35544e+07 1.67772e+07 8.38861e+06 4.1943e+06 2.09715e+06 1.04858e+06 524288 262144 131072 65536 32768 16384 8192 4096 2048 1024 512 256 128 64 32 16 8 4 2 1 0.5 0.25 0.125 0.0625 0.03125 0.015625 0.0078125 
3.28365e+07 1.67772e+07 8.38861e+06 4.1943e+06 2.09715e+06 1.04858e+06 524288 262144 131072 65536 32768 16384 8192 4096 2048 1024 512 256 128 64 32 16 8 4 2 1 0.5 0.25 0.125 0.0625 0.03125 0.015625 0.0078125 0.00390625 
1.94937e+07 1.67772e+07 8.38861e+06 4.1943e+06 2.09715e+06 1.04858e+06 524288 262144 131072 65536 32768 16384 8192 4096 2048 1024 512 256 128 64 32 16 8 4 2 1 0.5 0.25 0.125 0.0625 0.03125 0.015625 0.0078125 0.00390625 
01201221021010201200120102010201012010120102102102102102102102102102102102102102102102121212122
Requested tolerance = 1, estimated error = 0.866661
Retrieve 32 (32 more) bitplanes from level 0
Retrieve 32 (32 more) bitplanes from level 1
Retrieve 31 (31 more) bitplanes from level 2
Total retrieve size = 355556541
Interpret and retrieval time: 0.0824595s
Reconstruct Preprocessing time: 0.042668s
Lossless time: 0.00354118s
Decoding time: 0.0437747s
Reposition time: 0.00300529s
Lossless time: 0.0189552s
Decoding time: 0.28909s
Reposition time: 0.0238085s
Lossless time: 0.151131s
Decoding time: 2.7725s
Reposition time: 0.187883s
Recomposing time: 1.92994s
Reconstruct time: 5.55093s
Max value = 3.18668e+07, min value = -5.04169e+07
Max error = 4, pos = 3779259
MSE = 0.00241601, PSNR = 184.475
Start refactoring
Decompose time: 1.65612s
Interleave time: 0.00617753s
Encoding time: 0.202097s
Lossless time time: 0.0123872s
Interleave time: 0.0447886s
Encoding time: 1.34251s
Lossless time time: 0.080059s
Interleave time: 0.348078s
Encoding time: 10.5519s
Lossless time time: 0.752901s
level sizes
38 1597 1597 6777 16304 30523 53630 84083 113803 153244 192724 227305 252867 269637 280771 294456 294456 294456 294456 294456 294456 294456 294456 294456 294456 294456 294456 294456 294456 294456 294456 294456 
86 102 16441 80105 230867 450319 693943 977684 1223961 1440435 1622273 1750622 1846437 1906327 1963056 1963056 1963056 1963056 1963056 1963056 1963056 1963056 1963056 1963056 1963056 1963056 1963056 1963056 1963056 1963056 1963056 1963056 
654 5175 305396 1050033 2194928 3683283 5345038 7397145 9150791 10852685 12203784 13254797 14035470 14608164 14955372 15382496 15382496 15382496 15382496 15382496 15382496 15382496 15382496 15382496 15382496 15382496 15382496 15382496 15382496 15382496 15382496 15382496 

Refactor time: 15.0776s
Write time: 0.113414s
Refactor time: 15.1934s
number of dimension = 3, number of levels = 3
loading metadata
Start reconstruction
ErrorEstimator is base of MaxErrorEstimator, computing absolute error
Preprocessing time: 9.356e-06s
104724 65536 32768 16384 8192 4096 2048 1024 512 256 128 64 32 16 8 4 2 1 0.5 0.25 0.125 0.0625 0.03125 0.015625 0.0078125 0.00390625 0.00195312 0.000976562 0.000488281 0.000244141 0.00012207 6.10352e-05 3.05176e-05 1.52588e-05 
17757 16384 8192 4096 2048 1024 512 256 128 64 32 16 8 4 2 1 0.5 0.25 0.125 0.0625 0.03125 0.015625 0.0078125 0.00390625 0.00195312 0.000976562 0.000488281 0.000244141 0.00012207 6.10352e-05 3.05176e-05 1.52588e-05 7.62939e-06 3.8147e-06 
11521.2 8192 4096 2048 1024 512 256 128 64 32 16 8 4 2 1 0.5 0.25 0.125 0.0625 0.03125 0.015625 0.0078125 0.00390625 0.00195312 0.000976562 0.000488281 0.000244141 0.00012207 6.10352e-05 3.05176e-05 1.52588e-05 7.62939e-06 3.8147e-06 1.90735e-06 
01210002010102010120102012010210120120102102102102102102102102102102
Requested tolerance = 1, estimated error = 0.888328
Retrieve 27 (27 more) bitplanes from level 0
Retrieve 22 (22 more) bitplanes from level 1
Retrieve 19 (19 more) bitplanes from level 2
Total retrieve size = 203735121
Interpret and retrieval time: 0.0496302s
Reconstruct Preprocessing time: 0.0447331s
Lossless time: 0.00494417s
Decoding time: 0.0394001s
Reposition time: 0.00309098s
Lossless time: 0.0224951s
Decoding time: 0.266731s
Reposition time: 0.0252933s
Lossless time: 0.189461s
Decoding time: 2.26645s
Reposition time: 0.201172s
Recomposing time: 1.65564s
Reconstruct time: 4.77063s
Max value = 101820, min value = 2285.46
Max error = 0.125, pos = 5891958
MSE = 0.00111149, PSNR = 129.5
Start refactoring
Decompose time: 1.6575s
Interleave time: 0.00621252s
Encoding time: 0.200486s
Lossless time time: 0.0135624s
Interleave time: 0.0449489s
Encoding time: 1.32485s
Lossless time time: 0.0953933s
Interleave time: 0.348545s
Encoding time: 10.267s
Lossless time time: 1.24299s
level sizes
38 198 196 1684 2169 19873 27338 61406 87791 117876 140613 158244 168222 175472 179157 182557 186372 187515 188858 190192 190668 191481 192767 193423 195163 195599 196144 196363 196917 197164 197532 195436 
86 698 1394 17466 49278 131508 274505 427807 599269 752099 879189 984105 1066263 1119467 1155917 1186335 1211569 1226294 1241132 1249882 1258996 1266283 1275409 1282335 1286426 1289731 1294080 1297382 1300745 1302860 1302107 1268652 
499 6540 12628 117916 272318 533101 984873 1432972 2122986 2652990 3384405 3863125 4494083 4872223 5364731 5630621 5977173 6150020 6393537 6514786 6700847 6794808 6948742 7023246 7160466 7222628 7341965 7396896 7481388 7484948 7459951 7315129 

Refactor time: 15.281s
Write time: 0.0519301s
Refactor time: 15.3343s
number of dimension = 3, number of levels = 3
loading metadata
Start reconstruction
ErrorEstimator is base of MaxErrorEstimator, computing absolute error
Preprocessing time: 9.503e-06s
0.0032839 0.00195312 0.000976562 0.000488281 0.000244141 0.00012207 6.10352e-05 3.05176e-05 1.52588e-05 7.62939e-06 3.8147e-06 1.90735e-06 9.53674e-07 4.76837e-07 2.38419e-07 1.19209e-07 5.96046e-08 2.98023e-08 1.49012e-08 7.45058e-09 3.72529e-09 1.86265e-09 9.31323e-10 4.65661e-10 2.32831e-10 1.16415e-10 5.82077e-11 2.91038e-11 1.45519e-11 7.27596e-12 3.63798e-12 1.81899e-12 9.09495e-13 4.54747e-13 
0.0030799 0.00195312 0.000976562 0.000488281 0.000244141 0.00012207 6.10352e-05 3.05176e-05 1.52588e-05 7.62939e-06 3.8147e-06 1.90735e-06 9.53674e-07 4.76837e-07 2.38419e-07 1.19209e-07 5.96046e-08 2.98023e-08 1.49012e-08 7.45058e-09 3.72529e-09 1.86265e-09 9.31323e-10 4.65661e-10 2.32831e-10 1.16415e-10 5.82077e-11 2.91038e-11 1.45519e-11 7.27596e-12 3.63798e-12 1.81899e-12 9.09495e-13 4.54747e-13 
0.00285144 0.00195312 0.000976562 0.000488281 0.000244141 0.00012207 6.10352e-05 3.05176e-05 1.52588e-05 7.62939e-06 3.8147e-06 1.90735e-06 9.53674e-07 4.76837e-07 2.38419e-07 1.19209e-07 5.96046e-08 2.98023e-08 1.49012e-08 7.45058e-09 3.72529e-09 1.86265e-09 9.31323e-10 4.65661e-10 2.32831e-10 1.16415e-10 5.82077e-11 2.91038e-11 1.45519e-11 7.27596e-12 3.63798e-12 1.81899e-12 9.09495e-13 4.54747e-13 
0
Requested tolerance = 1, estimated error = 0.174929
Retrieve 1 (1 more) bitplanes from level 0
Retrieve 0 (0 more) bitplanes from level 1
Retrieve 0 (0 more) bitplanes from level 2
Total retrieve size = 38
Interpret and retrieval time: 0.000203674s
Reconstruct Preprocessing time: 0.042902s
Lossless time: 0.000169158s
Decoding time: 0.012735s
Reposition time: 0.00305411s
Lossless time: 1.63e-07s
Decoding time: 1.5915e-05s
Reposition time: 0.0256629s
Lossless time: 1.15e-07s
Decoding time: 1.9595e-05s
Reposition time: 0.203359s
Recomposing time: 1.64327s
Reconstruct time: 1.93178s
Max value = 0.00301153, min value = 0
Max error = 0.00301153, pos = 50021114
MSE = 2.24852e-09, PSNR = 36.0568
Start refactoring
Decompose time: 1.65954s
Interleave time: 0.00624012s
Encoding time: 0.202054s
Lossless time time: 0.0170028s
Interleave time: 0.0456064s
Encoding time: 1.34347s
Lossless time time: 0.119292s
Interleave time: 0.348946s
Encoding time: 10.5354s
Lossless time time: 0.901633s
level sizes
38 160 160 421 665 5172 7062 23145 41745 65800 91295 112871 129679 141529 148681 153412 157246 162986 167777 173634 178571 184626 189259 192727 196135 201112 202867 205007 207406 209025 211028 212075 
86 348 526 5299 14108 38650 95745 171759 280961 405492 545121 666858 777809 860767 929905 984293 1023064 1059271 1090081 1124237 1152519 1185817 1214400 1244619 1269736 1294212 1318563 1337350 1356326 1368814 1382389 1388377 
499 12684 25731 68129 140090 224569 374928 526853 777331 1016487 1378698 1684482 2134287 2494643 2992573 3370644 3840366 4191689 4599818 4890743 5220009 5433381 5701218 5886404 6104940 6245000 6420052 6531394 6673845 6755383 6856836 6866871 

Refactor time: 15.2611s
Write time: 0.0411056s
Refactor time: 15.3034s
number of dimension = 3, number of levels = 3
loading metadata
Start reconstruction
ErrorEstimator is base of MaxErrorEstimator, computing absolute error
Preprocessing time: 1.0135e-05s
0.0183659 0.015625 0.0078125 0.00390625 0.00195312 0.000976562 0.000488281 0.000244141 0.00012207 6.10352e-05 3.05176e-05 1.52588e-05 7.62939e-06 3.8147e-06 1.90735e-06 9.53674e-07 4.76837e-07 2.38419e-07 1.19209e-07 5.96046e-08 2.98023e-08 1.49012e-08 7.45058e-09 3.72529e-09 1.86265e-09 9.31323e-10 4.65661e-10 2.32831e-10 1.16415e-10 5.82077e-11 2.91038e-11 1.45519e-11 7.27596e-12 3.63798e-12 
0.0213866 0.015625 0.0078125 0.00390625 0.00195312 0.000976562 0.000488281 0.000244141 0.00012207 6.10352e-05 3.05176e-05 1.52588e-05 7.62939e-06 3.8147e-06 1.90735e-06 9.53674e-07 4.76837e-07 2.38419e-07 1.19209e-07 5.96046e-08 2.98023e-08 1.49012e-08 7.45058e-09 3.72529e-09 1.86265e-09 9.31323e-10 4.65661e-10 2.32831e-10 1.16415e-10 5.82077e-11 2.91038e-11 1.45519e-11 7.27596e-12 3.63798e-12 
0.0148702 0.0078125 0.00390625 0.00195312 0.000976562 0.000488281 0.000244141 0.00012207 6.10352e-05 3.05176e-05 1.52588e-05 7.62939e-06 3.8147e-06 1.90735e-06 9.53674e-07 4.76837e-07 2.38419e-07 1.19209e-07 5.96046e-08 2.98023e-08 1.49012e-08 7.45058e-09 3.72529e-09 1.86265e-09 9.31323e-10 4.65661e-10 2.32831e-10 1.16415e-10 5.82077e-11 2.91038e-11 1.45519e-11 7.27596e-12 3.63798e-12 1.81899e-12 
00
Requested tolerance = 1, estimated error = 0.977745
Retrieve 2 (2 more) bitplanes from level 0
Retrieve 0 (0 more) bitplanes from level 1
Retrieve 0 (0 more) bitplanes from level 2
Total retrieve size = 198
Interpret and retrieval time: 0.000200943s
Reconstruct Preprocessing time: 0.0441615s
Lossless time: 0.000295401s
Decoding time: 0.0131203s
Reposition time: 0.00304885s
Lossless time: 1.72e-07s
Decoding time: 1.2705e-05s
Reposition time: 0.0256244s
Lossless time: 1.5e-07s
Decoding time: 1.7316e-05s
Reposition time: 0.203345s
Recomposing time: 1.64325s
Reconstruct time: 1.93347s
Max value = 0.0148813, min value = 0
Max error = 0.0148813, pos = 63042084
MSE = 4.18877e-08, PSNR = 37.232
Start refactoring
Decompose time: 1.65572s
Interleave time: 0.00621929s
Encoding time: 0.200887s
Lossless time time: 0.0147278s
Interleave time: 0.0449047s
Encoding time: 1.32912s
Lossless time time: 0.102669s
Interleave time: 0.349303s
Encoding time: 10.2313s
Lossless time time: 0.91682s
level sizes
38 137 137 394 648 5883 6526 27826 37929 60470 83520 102582 116079 125630 130205 133797 135359 139057 141644 144959 147501 151242 154462 158920 163480 167737 172825 178336 181856 185182 190013 191354 
86 324 574 3603 10778 36593 88777 170428 281127 396600 516611 624489 712440 778175 827345 863117 892679 914868 935530 952213 970877 988199 1012295 1033963 1061623 1088076 1118059 1145707 1174075 1194189 1214353 1220757 
499 8250 15632 53983 121834 287662 575238 891715 1356756 1796386 2342297 2816409 3341020 3725840 4164777 4467527 4805096 5003384 5247800 5385186 5568204 5671655 5824201 5904645 6025333 6093642 6211446 6275650 6389260 6437817 6471564 6200671 

Refactor time: 14.9323s
Write time: 0.0425903s
Refactor time: 14.9762s
number of dimension = 3, number of levels = 3
loading metadata
Start reconstruction
ErrorEstimator is base of MaxErrorEstimator, computing absolute error
Preprocessing time: 9.62e-06s
0.00228704 0.00195312 0.000976562 0.000488281 0.000244141 0.00012207 6.10352e-05 3.05176e-05 1.52588e-05 7.62939e-06 3.8147e-06 1.90735e-06 9.53674e-07 4.76837e-07 2.38419e-07 1.19209e-07 5.96046e-08 2.98023e-08 1.49012e-08 7.45058e-09 3.72529e-09 1.86265e-09 9.31323e-10 4.65661e-10 2.32831e-10 1.16415e-10 5.82077e-11 2.91038e-11 1.45519e-11 7.27596e-12 3.63798e-12 1.81899e-12 9.09495e-13 4.54747e-13 
0.00218826 0.00195312 0.000976562 0.000488281 0.000244141 0.00012207 6.10352e-05 3.05176e-05 1.52588e-05 7.62939e-06 3.8147e-06 1.90735e-06 9.53674e-07 4.76837e-07 2.38419e-07 1.19209e-07 5.96046e-08 2.98023e-08 1.49012e-08 7.45058e-09 3.72529e-09 1.86265e-09 9.31323e-10 4.65661e-10 2.32831e-10 1.16415e-10 5.82077e-11 2.91038e-11 1.45519e-11 7.27596e-12 3.63798e-12 1.81899e-12 9.09495e-13 4.54747e-13 
0.00159466 0.000976562 0.000488281 0.000244141 0.00012207 6.10352e-05 3.05176e-05 1.52588e-05 7.62939e-06 3.8147e-06 1.90735e-06 9.53674e-07 4.76837e-07 2.38419e-07 1.19209e-07 5.96046e-08 2.98023e-08 1.49012e-08 7.45058e-09 3.72529e-09 1.86265e-09 9.31323e-10 4.65661e-10 2.32831e-10 1.16415e-10 5.82077e-11 2.91038e-11 1.45519e-11 7.27596e-12 3.63798e-12 1.81899e-12 9.09495e-13 4.54747e-13 2.27374e-13 
0
Requested tolerance = 1, estimated error = 0.127263
Retrieve 1 (1 more) bitplanes from level 0
Retrieve 0 (0 more) bitplanes from level 1
Retrieve 0 (0 more) bitplanes from level 2
Total retrieve size = 38
Interpret and retrieval time: 0.000204867s
Reconstruct Preprocessing time: 0.0442659s
Lossless time: 0.000162706s
Decoding time: 0.0126263s
Reposition time: 0.00306292s
Lossless time: 1.21e-07s
Decoding time: 1.4544e-05s
Reposition time: 0.0256333s
Lossless time: 1.06e-07s
Decoding time: 1.8986e-05s
Reposition time: 0.204084s
Recomposing time: 1.64531s
Reconstruct time: 1.93576s
Max value = 0.0016005, min value = 0
Max error = 0.0016005, pos = 86128855
MSE = 6.95936e-10, PSNR = 35.6594
